common/build/intermediates/manifest_merge_blame_file/debug/manifest-merger-blame-debug-report.txt
1<?xml version="1.0" encoding="utf-8"?>
2<manifest xmlns:android="http://schemas.android.com/apk/res/android"
3    package="com.tencent.liteav.demo.common"
4    android:versionCode="1"
5    android:versionName="1.0" >
6
7    <uses-sdk
8        android:minSdkVersion="19"
8-->src\main\AndroidManifest.xml
9        android:targetSdkVersion="23" />
9-->src\main\AndroidManifest.xml
10
11    <application>
11-->src\main\AndroidManifest.xml:4:5-6:19
12        <activity android:name="com.tencent.liteav.demo.common.QRCodeScanActivity" />
12-->src\main\AndroidManifest.xml:5:9-56
12-->src\main\AndroidManifest.xml:5:19-53
13    </application>
14
15</manifest>